<?xml version="1.0" encoding="UTF-8"?>
<!-- Generated by org.testng.reporters.JUnitReportReporter -->
<testsuite hostname="DESKTOP-H00KT5A" failures="0" tests="4" name="testParallel.TestNgDemo" time="0.050" errors="0" timestamp="13 Sept 2023 10:20:35 GMT" skipped="0">
  <testcase classname="testParallel.TestNgDemo" name="add_user" time="0.033"/>
  <testcase classname="testParallel.TestNgDemo" name="user" time="0.004"/>
  <testcase classname="testParallel.TestNgDemo" name="dash" time="0.005"/>
  <testcase classname="testParallel.TestNgDemo" name="login" time="0.008"/>
</testsuite> <!-- testParallel.TestNgDemo -->
