<?xml version="1.0" encoding="UTF-8"?>
<!-- Generated by org.testng.reporters.JUnitReportReporter -->
<testsuite hostname="DESKTOP-H00KT5A" failures="0" tests="2" name="testParallel.TestNgParameter" time="0.038" errors="0" timestamp="13 Sept 2023 11:02:17 GMT" skipped="0">
  <testcase classname="testParallel.TestNgParameter" name="login" time="0.003"/>
  <testcase classname="testParallel.TestNgParameter" name="login" time="0.035"/>
</testsuite> <!-- testParallel.TestNgParameter -->
