<?xml version="1.0" encoding="UTF-8"?>
<!-- Generated by org.testng.reporters.JUnitReportReporter -->
<testsuite hostname="DESKTOP-H00KT5A" failures="0" tests="4" name="testParallel.TestNgParallel" time="0.047" errors="0" timestamp="13 Sept 2023 10:20:35 GMT" skipped="0">
  <testcase classname="testParallel.TestNgParallel" name="login" time="0.007"/>
  <testcase classname="testParallel.TestNgParallel" name="dash" time="0.004"/>
  <testcase classname="testParallel.TestNgParallel" name="add_user" time="0.032"/>
  <testcase classname="testParallel.TestNgParallel" name="user" time="0.004"/>
</testsuite> <!-- testParallel.TestNgParallel -->
